<testsuite name="Django Project Tests" errors="0" failures="0" skips="0" tests="26" time="6.355"><testcase time="0.209001" classname="taxi_app.tests.DriverTest" name="test_change_another_record" /><testcase time="0.208001" classname="taxi_app.tests.DriverTest" name="test_get_driver" /><testcase time="0.211005" classname="taxi_app.tests.DriverTest" name="test_get_work_hours" /><testcase time="0.203999" classname="taxi_app.tests.DriverTest" name="test_inactive_to_intransit" /><testcase time="0.201010" classname="taxi_app.tests.DriverTest" name="test_inactive_to_seeking" /><testcase time="0.203006" classname="taxi_app.tests.DriverTest" name="test_intransit_to_inactive" /><testcase time="0.203007" classname="taxi_app.tests.DriverTest" name="test_intransit_to_seeking" /><testcase time="0.210000" classname="taxi_app.tests.DriverTest" name="test_seeking_to_inactive" /><testcase time="0.210014" classname="taxi_app.tests.DriverTest" name="test_seeking_to_intransit" /><testcase time="0.208984" classname="taxi_app.tests.RequestTest" name="test_accepted_to_complete" /><testcase time="0.202997" classname="taxi_app.tests.RequestTest" name="test_accepted_to_new" /><testcase time="0.308996" classname="taxi_app.tests.RequestTest" name="test_another" /><testcase time="0.200003" classname="taxi_app.tests.RequestTest" name="test_complete_to_accepted" /><testcase time="0.201031" classname="taxi_app.tests.RequestTest" name="test_complete_to_new" /><testcase time="0.395981" classname="taxi_app.tests.RequestTest" name="test_create_multiple_request" /><testcase time="0.210005" classname="taxi_app.tests.RequestTest" name="test_create_request_fail" /><testcase time="0.386009" classname="taxi_app.tests.RequestTest" name="test_create_request_success" /><testcase time="0.389009" classname="taxi_app.tests.RequestTest" name="test_delete_request_fail" /><testcase time="0.409009" classname="taxi_app.tests.RequestTest" name="test_delete_request_success" /><testcase time="0.295006" classname="taxi_app.tests.RequestTest" name="test_get_request_admin" /><testcase time="0.399009" classname="taxi_app.tests.RequestTest" name="test_get_request_client" /><testcase time="0.207006" classname="taxi_app.tests.RequestTest" name="test_get_request_driver" /><testcase time="0.200005" classname="taxi_app.tests.RequestTest" name="test_new_to_accepted" /><testcase time="0.198034" classname="taxi_app.tests.TaxiTests" name="test_add_taxi_fail" /><testcase time="0.097002" classname="taxi_app.tests.TaxiTests" name="test_add_taxi_success" /><testcase time="0.096993" classname="taxi_app.tests.TaxiTests" name="test_one_driver_one_taxi" /></testsuite>