<testsuite name="Django Project Tests" errors="0" failures="0" skips="0" tests="26" time="5.940"><testcase time="0.190564" classname="taxi_app.tests.DriverTest" name="test_change_another_record" /><testcase time="0.195850" classname="taxi_app.tests.DriverTest" name="test_get_driver" /><testcase time="0.199526" classname="taxi_app.tests.DriverTest" name="test_get_work_hours" /><testcase time="0.182623" classname="taxi_app.tests.DriverTest" name="test_inactive_to_intransit" /><testcase time="0.186170" classname="taxi_app.tests.DriverTest" name="test_inactive_to_seeking" /><testcase time="0.179165" classname="taxi_app.tests.DriverTest" name="test_intransit_to_inactive" /><testcase time="0.176739" classname="taxi_app.tests.DriverTest" name="test_intransit_to_seeking" /><testcase time="0.197523" classname="taxi_app.tests.DriverTest" name="test_seeking_to_inactive" /><testcase time="0.181759" classname="taxi_app.tests.DriverTest" name="test_seeking_to_intransit" /><testcase time="0.195309" classname="taxi_app.tests.RequestTest" name="test_accepted_to_complete" /><testcase time="0.180264" classname="taxi_app.tests.RequestTest" name="test_accepted_to_new" /><testcase time="0.276920" classname="taxi_app.tests.RequestTest" name="test_another" /><testcase time="0.185184" classname="taxi_app.tests.RequestTest" name="test_complete_to_accepted" /><testcase time="0.205664" classname="taxi_app.tests.RequestTest" name="test_complete_to_new" /><testcase time="0.351518" classname="taxi_app.tests.RequestTest" name="test_create_multiple_request" /><testcase time="0.177528" classname="taxi_app.tests.RequestTest" name="test_create_request_fail" /><testcase time="0.355064" classname="taxi_app.tests.RequestTest" name="test_create_request_success" /><testcase time="0.382838" classname="taxi_app.tests.RequestTest" name="test_delete_request_fail" /><testcase time="0.359333" classname="taxi_app.tests.RequestTest" name="test_delete_request_success" /><testcase time="0.266798" classname="taxi_app.tests.RequestTest" name="test_get_request_admin" /><testcase time="0.351695" classname="taxi_app.tests.RequestTest" name="test_get_request_client" /><testcase time="0.176628" classname="taxi_app.tests.RequestTest" name="test_get_request_driver" /><testcase time="0.189927" classname="taxi_app.tests.RequestTest" name="test_new_to_accepted" /><testcase time="0.174723" classname="taxi_app.tests.TaxiTests" name="test_add_taxi_fail" /><testcase time="0.088386" classname="taxi_app.tests.TaxiTests" name="test_add_taxi_success" /><testcase time="0.090508" classname="taxi_app.tests.TaxiTests" name="test_one_driver_one_taxi" /></testsuite>