<testsuite name="Django Project Tests" errors="0" failures="0" skips="0" tests="26" time="6.702"><testcase time="0.218001" classname="taxi_app.tests.DriverTest" name="test_change_another_record" /><testcase time="0.215031" classname="taxi_app.tests.DriverTest" name="test_get_driver" /><testcase time="0.224997" classname="taxi_app.tests.DriverTest" name="test_get_work_hours" /><testcase time="0.211028" classname="taxi_app.tests.DriverTest" name="test_inactive_to_intransit" /><testcase time="0.248987" classname="taxi_app.tests.DriverTest" name="test_inactive_to_seeking" /><testcase time="0.212033" classname="taxi_app.tests.DriverTest" name="test_intransit_to_inactive" /><testcase time="0.211001" classname="taxi_app.tests.DriverTest" name="test_intransit_to_seeking" /><testcase time="0.215003" classname="taxi_app.tests.DriverTest" name="test_seeking_to_inactive" /><testcase time="0.211000" classname="taxi_app.tests.DriverTest" name="test_seeking_to_intransit" /><testcase time="0.217029" classname="taxi_app.tests.RequestTest" name="test_accepted_to_complete" /><testcase time="0.217001" classname="taxi_app.tests.RequestTest" name="test_accepted_to_new" /><testcase time="0.323028" classname="taxi_app.tests.RequestTest" name="test_another" /><testcase time="0.208999" classname="taxi_app.tests.RequestTest" name="test_complete_to_accepted" /><testcase time="0.211988" classname="taxi_app.tests.RequestTest" name="test_complete_to_new" /><testcase time="0.415003" classname="taxi_app.tests.RequestTest" name="test_create_multiple_request" /><testcase time="0.206999" classname="taxi_app.tests.RequestTest" name="test_create_request_fail" /><testcase time="0.416976" classname="taxi_app.tests.RequestTest" name="test_create_request_success" /><testcase time="0.414029" classname="taxi_app.tests.RequestTest" name="test_delete_request_fail" /><testcase time="0.413000" classname="taxi_app.tests.RequestTest" name="test_delete_request_success" /><testcase time="0.305001" classname="taxi_app.tests.RequestTest" name="test_get_request_admin" /><testcase time="0.413001" classname="taxi_app.tests.RequestTest" name="test_get_request_client" /><testcase time="0.208001" classname="taxi_app.tests.RequestTest" name="test_get_request_driver" /><testcase time="0.214970" classname="taxi_app.tests.RequestTest" name="test_new_to_accepted" /><testcase time="0.245997" classname="taxi_app.tests.TaxiTests" name="test_add_taxi_fail" /><testcase time="0.103030" classname="taxi_app.tests.TaxiTests" name="test_add_taxi_success" /><testcase time="0.101001" classname="taxi_app.tests.TaxiTests" name="test_one_driver_one_taxi" /></testsuite>