<testsuite name="Django Project Tests" errors="0" failures="0" skips="0" tests="26" time="6.345"><testcase time="0.211004" classname="taxi_app.tests.DriverTest" name="test_change_another_record" /><testcase time="0.209033" classname="taxi_app.tests.DriverTest" name="test_get_driver" /><testcase time="0.215005" classname="taxi_app.tests.DriverTest" name="test_get_work_hours" /><testcase time="0.202003" classname="taxi_app.tests.DriverTest" name="test_inactive_to_intransit" /><testcase time="0.202975" classname="taxi_app.tests.DriverTest" name="test_inactive_to_seeking" /><testcase time="0.201032" classname="taxi_app.tests.DriverTest" name="test_intransit_to_inactive" /><testcase time="0.206018" classname="taxi_app.tests.DriverTest" name="test_intransit_to_seeking" /><testcase time="0.214005" classname="taxi_app.tests.DriverTest" name="test_seeking_to_inactive" /><testcase time="0.201001" classname="taxi_app.tests.DriverTest" name="test_seeking_to_intransit" /><testcase time="0.209982" classname="taxi_app.tests.RequestTest" name="test_accepted_to_complete" /><testcase time="0.198003" classname="taxi_app.tests.RequestTest" name="test_accepted_to_new" /><testcase time="0.316036" classname="taxi_app.tests.RequestTest" name="test_another" /><testcase time="0.205009" classname="taxi_app.tests.RequestTest" name="test_complete_to_accepted" /><testcase time="0.201031" classname="taxi_app.tests.RequestTest" name="test_complete_to_new" /><testcase time="0.394006" classname="taxi_app.tests.RequestTest" name="test_create_multiple_request" /><testcase time="0.200004" classname="taxi_app.tests.RequestTest" name="test_create_request_fail" /><testcase time="0.396008" classname="taxi_app.tests.RequestTest" name="test_create_request_success" /><testcase time="0.395035" classname="taxi_app.tests.RequestTest" name="test_delete_request_fail" /><testcase time="0.398025" classname="taxi_app.tests.RequestTest" name="test_delete_request_success" /><testcase time="0.290995" classname="taxi_app.tests.RequestTest" name="test_get_request_admin" /><testcase time="0.395018" classname="taxi_app.tests.RequestTest" name="test_get_request_client" /><testcase time="0.202004" classname="taxi_app.tests.RequestTest" name="test_get_request_driver" /><testcase time="0.200035" classname="taxi_app.tests.RequestTest" name="test_new_to_accepted" /><testcase time="0.199002" classname="taxi_app.tests.TaxiTests" name="test_add_taxi_fail" /><testcase time="0.096002" classname="taxi_app.tests.TaxiTests" name="test_add_taxi_success" /><testcase time="0.096028" classname="taxi_app.tests.TaxiTests" name="test_one_driver_one_taxi" /></testsuite>