<testsuite name="Django Project Tests" errors="0" failures="0" skips="0" tests="26" time="6.182"><testcase time="0.203369" classname="taxi_app.tests.DriverTest" name="test_change_another_record" /><testcase time="0.219223" classname="taxi_app.tests.DriverTest" name="test_get_driver" /><testcase time="0.215645" classname="taxi_app.tests.DriverTest" name="test_get_work_hours" /><testcase time="0.187327" classname="taxi_app.tests.DriverTest" name="test_inactive_to_intransit" /><testcase time="0.190167" classname="taxi_app.tests.DriverTest" name="test_inactive_to_seeking" /><testcase time="0.187095" classname="taxi_app.tests.DriverTest" name="test_intransit_to_inactive" /><testcase time="0.194527" classname="taxi_app.tests.DriverTest" name="test_intransit_to_seeking" /><testcase time="0.201146" classname="taxi_app.tests.DriverTest" name="test_seeking_to_inactive" /><testcase time="0.190001" classname="taxi_app.tests.DriverTest" name="test_seeking_to_intransit" /><testcase time="0.204375" classname="taxi_app.tests.RequestTest" name="test_accepted_to_complete" /><testcase time="0.191905" classname="taxi_app.tests.RequestTest" name="test_accepted_to_new" /><testcase time="0.292418" classname="taxi_app.tests.RequestTest" name="test_another" /><testcase time="0.185430" classname="taxi_app.tests.RequestTest" name="test_complete_to_accepted" /><testcase time="0.196773" classname="taxi_app.tests.RequestTest" name="test_complete_to_new" /><testcase time="0.363357" classname="taxi_app.tests.RequestTest" name="test_create_multiple_request" /><testcase time="0.185441" classname="taxi_app.tests.RequestTest" name="test_create_request_fail" /><testcase time="0.367680" classname="taxi_app.tests.RequestTest" name="test_create_request_success" /><testcase time="0.365149" classname="taxi_app.tests.RequestTest" name="test_delete_request_fail" /><testcase time="0.368781" classname="taxi_app.tests.RequestTest" name="test_delete_request_success" /><testcase time="0.270134" classname="taxi_app.tests.RequestTest" name="test_get_request_admin" /><testcase time="0.361342" classname="taxi_app.tests.RequestTest" name="test_get_request_client" /><testcase time="0.187359" classname="taxi_app.tests.RequestTest" name="test_get_request_driver" /><testcase time="0.191546" classname="taxi_app.tests.RequestTest" name="test_new_to_accepted" /><testcase time="0.181356" classname="taxi_app.tests.TaxiTests" name="test_add_taxi_fail" /><testcase time="0.095619" classname="taxi_app.tests.TaxiTests" name="test_add_taxi_success" /><testcase time="0.091316" classname="taxi_app.tests.TaxiTests" name="test_one_driver_one_taxi" /></testsuite>