<testsuite name="Django Project Tests" errors="2" failures="0" skips="0" tests="26" time="15.852"><testcase time="0.537005" classname="taxi_app.tests.DriverTest" name="test_change_another_record" /><testcase time="0.349000" classname="taxi_app.tests.DriverTest" name="test_get_driver" /><testcase time="0.433243" classname="taxi_app.tests.DriverTest" name="test_get_work_hours"><error type="taxi_app.models.DoesNotExist" message="WorkHours matching query does not exist.">Traceback (most recent call last):
  File "C:\Users\leen\PycharmProjects\Taxi_Service_App\taxi_app\tests.py", line 106, in test_get_work_hours
    self.test_seeking_to_inactive()
  File "C:\Users\leen\PycharmProjects\Taxi_Service_App\taxi_app\tests.py", line 54, in test_seeking_to_inactive
    response = self.client.put('http://127.0.0.1:8000/taxiapp/drivers/{}/change_status/'.format(driver.id),
  File "C:\Users\leenA\PycharmProjects\Taxi_Service_App\venv\lib\site-packages\rest_framework\test.py", line 301, in put
    response = super().put(
  File "C:\Users\leenA\PycharmProjects\Taxi_Service_App\venv\lib\site-packages\rest_framework\test.py", line 211, in put
    return self.generic('PUT', path, data, content_type, **extra)
  File "C:\Users\leenA\PycharmProjects\Taxi_Service_App\venv\lib\site-packages\rest_framework\test.py", line 231, in generic
    return super().generic(
  File "C:\Users\leenA\PycharmProjects\Taxi_Service_App\venv\lib\site-packages\django\test\client.py", line 422, in generic
    return self.request(**r)
  File "C:\Users\leenA\PycharmProjects\Taxi_Service_App\venv\lib\site-packages\rest_framework\test.py", line 283, in request
    return super().request(**kwargs)
  File "C:\Users\leenA\PycharmProjects\Taxi_Service_App\venv\lib\site-packages\rest_framework\test.py", line 235, in request
    request = super().request(**kwargs)
  File "C:\Users\leenA\PycharmProjects\Taxi_Service_App\venv\lib\site-packages\django\test\client.py", line 503, in request
    raise exc_value
  File "C:\Users\leenA\PycharmProjects\Taxi_Service_App\venv\lib\site-packages\django\core\handlers\exception.py", line 34, in inner
    response = get_response(request)
  File "C:\Users\leenA\PycharmProjects\Taxi_Service_App\venv\lib\site-packages\django\core\handlers\base.py", line 115, in _get_response
    response = self.process_exception_by_middleware(e, request)
  File "C:\Users\leenA\PycharmProjects\Taxi_Service_App\venv\lib\site-packages\django\core\handlers\base.py", line 113, in _get_response
    response = wrapped_callback(request, *callback_args, **callback_kwargs)
  File "C:\Users\leenA\PycharmProjects\Taxi_Service_App\venv\lib\site-packages\django\views\decorators\csrf.py", line 54, in wrapped_view
    return view_func(*args, **kwargs)
  File "C:\Users\leenA\PycharmProjects\Taxi_Service_App\venv\lib\site-packages\rest_framework\viewsets.py", line 114, in view
    return self.dispatch(request, *args, **kwargs)
  File "C:\Users\leenA\PycharmProjects\Taxi_Service_App\venv\lib\site-packages\rest_framework\views.py", line 505, in dispatch
    response = self.handle_exception(exc)
  File "C:\Users\leenA\PycharmProjects\Taxi_Service_App\venv\lib\site-packages\rest_framework\views.py", line 465, in handle_exception
    self.raise_uncaught_exception(exc)
  File "C:\Users\leenA\PycharmProjects\Taxi_Service_App\venv\lib\site-packages\rest_framework\views.py", line 476, in raise_uncaught_exception
    raise exc
  File "C:\Users\leenA\PycharmProjects\Taxi_Service_App\venv\lib\site-packages\rest_framework\views.py", line 502, in dispatch
    response = handler(request, *args, **kwargs)
  File "C:\Users\leen\PycharmProjects\Taxi_Service_App\taxi_app\views.py", line 114, in change_status
    change = driver.change_work_status(curr_status, next_status)
  File "C:\Users\leen\PycharmProjects\Taxi_Service_App\taxi_app\models.py", line 64, in change_work_status
    session = work_hours_today.get(driver=self)
  File "C:\Users\leenA\PycharmProjects\Taxi_Service_App\venv\lib\site-packages\django\db\models\query.py", line 406, in get
    raise self.model.DoesNotExist(
taxi_app.models.WorkHours.DoesNotExist: WorkHours matching query does not exist.
</error></testcase><testcase time="0.236032" classname="taxi_app.tests.DriverTest" name="test_inactive_to_intransit" /><testcase time="0.238029" classname="taxi_app.tests.DriverTest" name="test_inactive_to_seeking" /><testcase time="0.229000" classname="taxi_app.tests.DriverTest" name="test_intransit_to_inactive" /><testcase time="0.238015" classname="taxi_app.tests.DriverTest" name="test_intransit_to_seeking" /><testcase time="0.277031" classname="taxi_app.tests.DriverTest" name="test_seeking_to_inactive"><error type="taxi_app.models.DoesNotExist" message="WorkHours matching query does not exist.">Traceback (most recent call last):
  File "C:\Users\leen\PycharmProjects\Taxi_Service_App\taxi_app\tests.py", line 54, in test_seeking_to_inactive
    response = self.client.put('http://127.0.0.1:8000/taxiapp/drivers/{}/change_status/'.format(driver.id),
  File "C:\Users\leenA\PycharmProjects\Taxi_Service_App\venv\lib\site-packages\rest_framework\test.py", line 301, in put
    response = super().put(
  File "C:\Users\leenA\PycharmProjects\Taxi_Service_App\venv\lib\site-packages\rest_framework\test.py", line 211, in put
    return self.generic('PUT', path, data, content_type, **extra)
  File "C:\Users\leenA\PycharmProjects\Taxi_Service_App\venv\lib\site-packages\rest_framework\test.py", line 231, in generic
    return super().generic(
  File "C:\Users\leenA\PycharmProjects\Taxi_Service_App\venv\lib\site-packages\django\test\client.py", line 422, in generic
    return self.request(**r)
  File "C:\Users\leenA\PycharmProjects\Taxi_Service_App\venv\lib\site-packages\rest_framework\test.py", line 283, in request
    return super().request(**kwargs)
  File "C:\Users\leenA\PycharmProjects\Taxi_Service_App\venv\lib\site-packages\rest_framework\test.py", line 235, in request
    request = super().request(**kwargs)
  File "C:\Users\leenA\PycharmProjects\Taxi_Service_App\venv\lib\site-packages\django\test\client.py", line 503, in request
    raise exc_value
  File "C:\Users\leenA\PycharmProjects\Taxi_Service_App\venv\lib\site-packages\django\core\handlers\exception.py", line 34, in inner
    response = get_response(request)
  File "C:\Users\leenA\PycharmProjects\Taxi_Service_App\venv\lib\site-packages\django\core\handlers\base.py", line 115, in _get_response
    response = self.process_exception_by_middleware(e, request)
  File "C:\Users\leenA\PycharmProjects\Taxi_Service_App\venv\lib\site-packages\django\core\handlers\base.py", line 113, in _get_response
    response = wrapped_callback(request, *callback_args, **callback_kwargs)
  File "C:\Users\leenA\PycharmProjects\Taxi_Service_App\venv\lib\site-packages\django\views\decorators\csrf.py", line 54, in wrapped_view
    return view_func(*args, **kwargs)
  File "C:\Users\leenA\PycharmProjects\Taxi_Service_App\venv\lib\site-packages\rest_framework\viewsets.py", line 114, in view
    return self.dispatch(request, *args, **kwargs)
  File "C:\Users\leenA\PycharmProjects\Taxi_Service_App\venv\lib\site-packages\rest_framework\views.py", line 505, in dispatch
    response = self.handle_exception(exc)
  File "C:\Users\leenA\PycharmProjects\Taxi_Service_App\venv\lib\site-packages\rest_framework\views.py", line 465, in handle_exception
    self.raise_uncaught_exception(exc)
  File "C:\Users\leenA\PycharmProjects\Taxi_Service_App\venv\lib\site-packages\rest_framework\views.py", line 476, in raise_uncaught_exception
    raise exc
  File "C:\Users\leenA\PycharmProjects\Taxi_Service_App\venv\lib\site-packages\rest_framework\views.py", line 502, in dispatch
    response = handler(request, *args, **kwargs)
  File "C:\Users\leen\PycharmProjects\Taxi_Service_App\taxi_app\views.py", line 114, in change_status
    change = driver.change_work_status(curr_status, next_status)
  File "C:\Users\leen\PycharmProjects\Taxi_Service_App\taxi_app\models.py", line 64, in change_work_status
    session = work_hours_today.get(driver=self)
  File "C:\Users\leenA\PycharmProjects\Taxi_Service_App\venv\lib\site-packages\django\db\models\query.py", line 406, in get
    raise self.model.DoesNotExist(
taxi_app.models.WorkHours.DoesNotExist: WorkHours matching query does not exist.
</error></testcase><testcase time="0.241121" classname="taxi_app.tests.DriverTest" name="test_seeking_to_intransit" /><testcase time="0.254004" classname="taxi_app.tests.RequestTest" name="test_accepted_to_complete" /><testcase time="0.232021" classname="taxi_app.tests.RequestTest" name="test_accepted_to_new" /><testcase time="0.351004" classname="taxi_app.tests.RequestTest" name="test_another" /><testcase time="0.232003" classname="taxi_app.tests.RequestTest" name="test_complete_to_accepted" /><testcase time="0.235028" classname="taxi_app.tests.RequestTest" name="test_complete_to_new" /><testcase time="0.440979" classname="taxi_app.tests.RequestTest" name="test_create_multiple_request" /><testcase time="0.225022" classname="taxi_app.tests.RequestTest" name="test_create_request_fail" /><testcase time="0.436994" classname="taxi_app.tests.RequestTest" name="test_create_request_success" /><testcase time="0.441000" classname="taxi_app.tests.RequestTest" name="test_delete_request_fail" /><testcase time="0.438027" classname="taxi_app.tests.RequestTest" name="test_delete_request_success" /><testcase time="0.328999" classname="taxi_app.tests.RequestTest" name="test_get_request_admin" /><testcase time="0.442000" classname="taxi_app.tests.RequestTest" name="test_get_request_client" /><testcase time="0.227000" classname="taxi_app.tests.RequestTest" name="test_get_request_driver" /><testcase time="0.237000" classname="taxi_app.tests.RequestTest" name="test_new_to_accepted" /><testcase time="0.224002" classname="taxi_app.tests.TaxiTests" name="test_add_taxi_fail" /><testcase time="0.122002" classname="taxi_app.tests.TaxiTests" name="test_add_taxi_success" /><testcase time="0.120989" classname="taxi_app.tests.TaxiTests" name="test_one_driver_one_taxi" /></testsuite>